<?xml version="1.0" encoding="UTF-8"?>
<!-- Generated by org.testng.reporters.JUnitReportReporter -->
<testsuite hostname="DESKTOP-3EITVAF" failures="0" tests="1" name="org.practiceagain.test3" time="5.429" errors="0" timestamp="2022-08-19T12:14:23 IST" skipped="0">
  <testcase classname="org.practiceagain.test3" name="test" time="5.429"/>
  <system-out/>
</testsuite> <!-- org.practiceagain.test3 -->
