<?xml version="1.0" encoding="UTF-8"?>
<!-- Generated by org.testng.reporters.JUnitReportReporter -->
<testsuite hostname="DESKTOP-3EITVAF" failures="0" tests="1" name="org.practiceagain.test4" time="4.363" errors="0" timestamp="2022-08-22T12:57:43 IST" skipped="0">
  <testcase classname="org.practiceagain.test4" name="test" time="4.363"/>
  <system-out/>
</testsuite> <!-- org.practiceagain.test4 -->
