<?xml version="1.0" encoding="UTF-8"?>
<!-- Generated by org.testng.reporters.JUnitReportReporter -->
<testsuite hostname="DESKTOP-3EITVAF" failures="0" tests="1" name="org.practice.TestNGPractice3" time="11.702" errors="0" timestamp="2022-08-16T11:12:52 IST" skipped="0">
  <testcase classname="org.practice.TestNGPractice3" name="adminlogin" time="11.702"/>
  <system-out/>
</testsuite> <!-- org.practice.TestNGPractice3 -->
